[25/May/2023 16:57:15 Europe/Dublin] [Info] ############################################################
[25/May/2023 16:57:15 Europe/Dublin] [Info] # Output Factory initiated (html5)
[25/May/2023 16:57:15 Europe/Dublin] [Info] # Building output for: SSO publication
[25/May/2023 16:57:15 Europe/Dublin] [Info] # URL /document/edit/1132425
[25/May/2023 16:57:15 Europe/Dublin] [Info] # User: Toby Tangalin
[25/May/2023 16:57:15 Europe/Dublin] [Info] # Time: Thu, 25 May 2023 16:57:15 +0100
[25/May/2023 16:57:15 Europe/Dublin] [Info] # Server: brighton
[25/May/2023 16:57:15 Europe/Dublin] [Info] ############################################################
[25/May/2023 16:57:15 Europe/Dublin] [Info] Group: custom
[25/May/2023 16:57:15 Europe/Dublin] [Info] Type: html5
[25/May/2023 16:57:15 Europe/Dublin] [Info] Transformation: $user_dir/xsl/custom/layout-769278.xsl
[25/May/2023 16:57:15 Europe/Dublin] [Info] File found: $user_dir/xsl/custom/layout-769278.xsl
[25/May/2023 16:57:15 Europe/Dublin] [Info] ############################################################
[25/May/2023 16:57:15 Europe/Dublin] [Info] Building output for: html5
[25/May/2023 16:57:15 Europe/Dublin] [Info] Using stylesheet: $user_dir/xsl/custom/layout-769278.xsl
[25/May/2023 16:57:15 Europe/Dublin] [Info] Parameters for this build: []
[25/May/2023 16:57:15 Europe/Dublin] [Info] Environment variables for this build: Array
(
    [taxonomy.filter.strategy] => self
    [taxonomies.propagate] => 1
    [scope.profiling.used] => 0
    [generate.preview.links] => 0
    [taxonomy.class.name.strategy] => self
)

[25/May/2023 16:57:15 Europe/Dublin] [Info] Building output for languages: Array
(
    [0] => en
)

[25/May/2023 16:57:15 Europe/Dublin] [Info] Building multilang: no
[25/May/2023 16:57:15 Europe/Dublin] [Info] Building preview: no
[25/May/2023 16:57:15 Europe/Dublin] [Info] ############################################################
[25/May/2023 16:57:15 Europe/Dublin] [Info] Using build directory: $local_tmp/production-646f855a275660.76462698/1132425-SSO_publication-html5
[25/May/2023 16:57:16 Europe/Dublin] [Info] -- Generating source files
[25/May/2023 16:57:16 Europe/Dublin] [Info] -- Propagating taxonomies: true
[25/May/2023 16:57:18 Europe/Dublin] [Info] -- Source files have been generated
[25/May/2023 16:57:18 Europe/Dublin] [Info] -- Publication has no unresolved dependencies.
[25/May/2023 16:57:18 Europe/Dublin] [Info] -- Generating source files complete.
[25/May/2023 16:57:19 Europe/Dublin] [Info] Localizing: publication-1132425.xml
[25/May/2023 16:57:19 Europe/Dublin] [Info] Language: en
[25/May/2023 16:57:19 Europe/Dublin] [Warning] Resolving some links failed
[25/May/2023 16:57:19 Europe/Dublin] [Info] [/*/*[2]/*[5]/*[12]/*[2]/*] An outgoing link in <a href="/document/edit/1127272">Configure OpenID Connect (OIDC)</a> could not be resolved. The link points to <a href="/document/edit/942471">Reset your Sitecore Cloud Portal password</a> which is not part of this publication.
[25/May/2023 16:57:20 Europe/Dublin] [Info] Variable sets found: 0
[25/May/2023 16:57:21 Europe/Dublin] [Info] Inserting image links.
[25/May/2023 16:57:21 Europe/Dublin] [Info] Found 0 image(s).
[25/May/2023 16:57:22 Europe/Dublin] [Info] Profiling parameters: []
[25/May/2023 16:57:22 Europe/Dublin] [Info] Profiling customisation: $user_dir/xsl/profile.xsl (not found)
[25/May/2023 16:57:22 Europe/Dublin] [Info] Transformation: publication-1132425--en.org.xml -> publication-1132425--en.xml [profile.xsl]
[25/May/2023 16:57:22 Europe/Dublin] [Info] Transformation: publication-1132425--en.xml -> publication-1132425--en.xml [internal-xref.xsl]
[25/May/2023 16:57:22 Europe/Dublin] [Info] Transformation: A-filelist.xml -> B-sorted.xml [IO.document.sortlang.xsl]
[25/May/2023 16:57:22 Europe/Dublin] [Info] Transformation: B-sorted.xml -> C-concatenated.xml [IO.document.concat.xsl]
[25/May/2023 16:57:22 Europe/Dublin] [Info] Transformation: B-sorted.xml -> index-en.xml [IO.document.head.xsl]
[25/May/2023 16:57:22 Europe/Dublin] [Info] Created copy: $user_dir/xsl/custom/layout-769278.xsl -> $user_dir/xsl/custom/646f8562d4808.xsl
[25/May/2023 16:57:23 Europe/Dublin] [Info] Created symlink: $user_dir/xsl/html5/xmc_html5-2.page.xsl -> $user_dir/xsl/custom/646f8562d4808.page.xsl
[25/May/2023 16:57:23 Europe/Dublin] [Info] Created symlink: $user_dir/xsl/html5/xmc_html5-2.index.xsl -> $user_dir/xsl/custom/646f8562d4808.index.xsl
[25/May/2023 16:57:23 Europe/Dublin] [Info] Created symlink: $user_dir/xsl/default/html5/html5-2.page.xsl -> $user_dir/xsl/custom/646f8562d4808.page.xsl
[25/May/2023 16:57:23 Europe/Dublin] [Info] Created symlink: $user_dir/xsl/default/html5/html5-2.index.xsl -> $user_dir/xsl/custom/646f8562d4808.index.xsl
[25/May/2023 16:57:23 Europe/Dublin] [Info] Created symlink: $user_dir/xsl/default/html5/html5.toc.xsl -> $user_dir/xsl/custom/646f8562d4808.toc.xsl
[25/May/2023 16:57:23 Europe/Dublin] [Info] Created symlink: $user_dir/xsl/default/html5/html5.page.xsl -> $user_dir/xsl/custom/646f8562d4808.page.xsl
[25/May/2023 16:57:23 Europe/Dublin] [Info] Created symlink: $user_dir/xsl/default/html5/html5.index.xsl -> $user_dir/xsl/custom/646f8562d4808.index.xsl
[25/May/2023 16:57:25 Europe/Dublin] [Warning] XSLTProcessor::transformToDoc(): Not allowed to call handler 'file_exists()' in $apppath/core/paligo/class.xsltprocessor.php on line 77
[25-May-2023 16:57:26 Europe/Dublin] Parsing manifest file: css/*, css/image/*, css/image/callouts/*, js/*, js/jquery-3/*, fonts/*
[25-May-2023 16:57:26 Europe/Dublin] Parsing manifest file: css/*, css/image/*, css/image/callouts/*, js/*, fonts/*
[25-May-2023 16:57:26 Europe/Dublin] Copy file '$user_dir/xsl/custom/assets/layout-769278/5c98d7ebe55fd.png' to '$local_tmp/production-646f855a275660.76462698/1132425-SSO_publication-html5/out/css/image/corporate-logo.png'
[25-May-2023 16:57:26 Europe/Dublin] Copy file '$apppath/lib/docbook/xsl/html5/css/image/corporate-logo-white.svg' to '$local_tmp/production-646f855a275660.76462698/1132425-SSO_publication-html5/out/css/image/portal-logo.svg'
[25-May-2023 16:57:26 Europe/Dublin] Copy file '$user_dir/xsl/custom/assets/layout-769278/5ea6f83db4837.js' to '$local_tmp/production-646f855a275660.76462698/1132425-SSO_publication-html5/out/js/layout-custom-script.js'
[25-May-2023 16:57:27 Europe/Dublin] Post build HTML5
[25/May/2023 16:57:27 Europe/Dublin] [Info] Transformation: index-en.html -> toc-en.html [646f8562d4808.toc.xsl]
[25/May/2023 16:57:27 Europe/Dublin] [Info] Transformation: configure-openid-connect--oidc-.html -> configure-openid-connect--oidc-.html [646f8562d4808.page.xsl]
[25/May/2023 16:57:27 Europe/Dublin] [Info] Transformation: troubleshooting-faq.html -> troubleshooting-faq.html [646f8562d4808.page.xsl]
[25/May/2023 16:57:27 Europe/Dublin] [Info] Transformation: single-sign-on--sso-.html -> single-sign-on--sso-.html [646f8562d4808.page.xsl]
[25/May/2023 16:57:27 Europe/Dublin] [Info] Transformation: index-en.html -> index-en.html [646f8562d4808.page.xsl]
[25/May/2023 16:57:28 Europe/Dublin] [Info] Generating index page.
[25/May/2023 16:57:28 Europe/Dublin] [Info] Transformation: index.manifest -> index.html [646f8562d4808.index.xsl]
[25/May/2023 16:57:28 Europe/Dublin] [Info] # Took 13.509020 seconds to render.
